[preview.colorlib.com/theme/moose/index.html]
[backblue.gif]
[fade.gif]
[index.html]
[preview.colorlib.com/theme/moose/css/animate.css]
[preview.colorlib.com/theme/moose/css/owl.carousel.min.css]
[preview.colorlib.com/theme/moose/css/owl.theme.default.min.css]
[preview.colorlib.com/theme/moose/css/magnific-popup.css]
[preview.colorlib.com/theme/moose/css/flaticon.css]
[preview.colorlib.com/theme/moose/css/style.css]
[preview.colorlib.com/theme/moose/index-2.html]
[preview.colorlib.com/theme/moose/blog.html]
[preview.colorlib.com/theme/moose/about.html]
[preview.colorlib.com/theme/moose/contact.html]
[preview.colorlib.com/theme/moose/images/person_1.jpg]
[preview.colorlib.com/theme/moose/images/image_1.jpg]
[preview.colorlib.com/theme/moose/blog-single.html]
[preview.colorlib.com/theme/moose/images/image_2.jpg]
[preview.colorlib.com/theme/moose/images/person_2.jpg]
[preview.colorlib.com/theme/moose/images/image_3.jpg]
[preview.colorlib.com/theme/moose/images/person_3.jpg]
[preview.colorlib.com/theme/moose/images/image_5.jpg]
[preview.colorlib.com/theme/moose/images/person_4.jpg]
[preview.colorlib.com/theme/moose/images/image_6.jpg]
[preview.colorlib.com/theme/moose/images/image_7.jpg]
[preview.colorlib.com/theme/moose/images/image_8.jpg]
[preview.colorlib.com/theme/moose/js/jquery.min.js]
[preview.colorlib.com/theme/moose/js/jquery-migrate-3.0.1.min.js]
[preview.colorlib.com/theme/moose/js/popper.min.js]
[preview.colorlib.com/theme/moose/js/bootstrap.min.js]
[preview.colorlib.com/theme/moose/js/jquery.easing.1.3.js]
[preview.colorlib.com/theme/moose/js/jquery.waypoints.min.js]
[preview.colorlib.com/theme/moose/js/jquery.stellar.min.js]
[preview.colorlib.com/theme/moose/js/owl.carousel.min.js]
[preview.colorlib.com/theme/moose/js/jquery.magnific-popup.min.js]
[preview.colorlib.com/theme/moose/js/jquery.animateNumber.min.js]
[preview.colorlib.com/theme/moose/js/scrollax.min.js]
[preview.colorlib.com/theme/moose/js/google-map.js]
[preview.colorlib.com/theme/moose/js/main.js]
[preview.colorlib.com/theme/moose/index.html]
[preview.colorlib.com/theme/moose/css/animate.css]
[preview.colorlib.com/theme/moose/css/owl.carousel.min.css]
[preview.colorlib.com/theme/moose/css/owl.theme.default.min.css]
[preview.colorlib.com/theme/moose/css/magnific-popup.css]
[preview.colorlib.com/theme/moose/fonts/flaticon/font/Flaticon.eot]
[preview.colorlib.com/theme/moose/fonts/flaticon/font/Flaticond41d.eot]
[preview.colorlib.com/theme/moose/fonts/flaticon/font/Flaticon.woff]
[preview.colorlib.com/theme/moose/fonts/flaticon/font/Flaticon.ttf]
[preview.colorlib.com/theme/moose/css/flaticon.css]
[preview.colorlib.com/theme/moose/css/style.css]
[preview.colorlib.com/theme/moose/index-2.html]
[preview.colorlib.com/theme/moose/fonts/flaticon/font/Flaticon.svg]
[preview.colorlib.com/theme/moose/images/image_4.jpg]
[preview.colorlib.com/theme/moose/images/image_9.jpg]
[preview.colorlib.com/theme/moose/images/image_10.jpg]
[preview.colorlib.com/theme/moose/images/image_11.jpg]
[preview.colorlib.com/theme/moose/images/image_12.jpg]
[preview.colorlib.com/theme/moose/blog.html]
[preview.colorlib.com/theme/moose/about.html]
[preview.colorlib.com/theme/moose/contact.html]
[preview.colorlib.com/theme/moose/blog-single.html]
[preview.colorlib.com/theme/moose/fonts/flaticon/font/Flaticon.svg]
